Arguments: 
  /Users/Kendrina/.nvm/versions/node/v14.4.0/bin/node /Users/Kendrina/.nvm/versions/node/v14.4.0/bin/yarn add readine-sync nodemon

PATH: 
  /Users/Kendrina/.nvm/versions/node/v14.4.0/bin:/usr/local/bin:/usr/bin:/bin:/usr/sbin:/sbin

Yarn version: 
  1.22.5

Node version: 
  14.4.0

Platform: 
  darwin x64

Trace: 
  Error: https://registry.yarnpkg.com/readine-sync: Not found
      at Request.params.callback [as _callback] (/Users/Kendrina/.nvm/versions/node/v14.4.0/lib/node_modules/yarn/lib/cli.js:66988:18)
      at Request.self.callback (/Users/Kendrina/.nvm/versions/node/v14.4.0/lib/node_modules/yarn/lib/cli.js:140662:22)
      at Request.emit (events.js:315:20)
      at Request.<anonymous> (/Users/Kendrina/.nvm/versions/node/v14.4.0/lib/node_modules/yarn/lib/cli.js:141634:10)
      at Request.emit (events.js:315:20)
      at IncomingMessage.<anonymous> (/Users/Kendrina/.nvm/versions/node/v14.4.0/lib/node_modules/yarn/lib/cli.js:141556:12)
      at Object.onceWrapper (events.js:421:28)
      at IncomingMessage.emit (events.js:327:22)
      at endReadableNT (_stream_readable.js:1224:12)
      at processTicksAndRejections (internal/process/task_queues.js:84:21)

npm manifest: 
  {
    "name": "made-to-last",
    "version": "1.0.0",
    "main": "index.js",
    "license": "MIT"
  }

yarn manifest: 
  No manifest

Lockfile: 
  No lockfile
